[2025-01-12T18:48:27.973188+01:00] app_workshop_log.INFO: Connected to the database successfully [] []
[2025-01-12T18:48:30.714689+01:00] app_workshop_log.INFO: Connected to the database successfully [] []
[2025-01-12T20:35:52.719134+01:00] app_workshop_log.INFO: Connected to the database successfully [] []
[2025-01-12T20:35:52.724938+01:00] app_workshop_log.INFO: Reparation info obtained successfully! [] []
[2025-01-12T20:35:58.875808+01:00] app_workshop_log.INFO: Connected to the database successfully [] []
[2025-01-12T20:35:58.877764+01:00] app_workshop_log.INFO: Reparation info obtained successfully! [] []
[2025-01-12T20:36:29.796680+01:00] app_workshop_log.INFO: Connected to the database successfully [] []
[2025-01-12T20:37:04.884114+01:00] app_workshop_log.INFO: Connected to the database successfully [] []
[2025-01-12T20:38:21.659505+01:00] app_workshop_log.INFO: Connected to the database successfully [] []
[2025-01-12T20:38:21.661694+01:00] app_workshop_log.INFO: Reparation info obtained successfully! [] []
[2025-01-12T20:38:35.504062+01:00] app_workshop_log.INFO: Connected to the database successfully [] []
[2025-01-12T20:42:52.373228+01:00] app_workshop_log.INFO: Connected to the database successfully [] []
[2025-01-12T20:42:59.209580+01:00] app_workshop_log.INFO: Connected to the database successfully [] []
[2025-01-12T20:42:59.211963+01:00] app_workshop_log.INFO: Reparation info obtained successfully! [] []
[2025-01-12T20:43:02.390926+01:00] app_workshop_log.INFO: Connected to the database successfully [] []
[2025-01-12T20:45:07.040541+01:00] app_workshop_log.INFO: Connected to the database successfully [] []
[2025-01-12T20:45:07.057482+01:00] app_workshop_log.INFO: Reparation info obtained successfully! [] []
[2025-01-12T20:45:17.816782+01:00] app_workshop_log.INFO: Connected to the database successfully [] []
[2025-01-12T20:46:15.053673+01:00] app_workshop_log.INFO: Connected to the database successfully [] []
[2025-01-12T20:46:20.969863+01:00] app_workshop_log.INFO: Connected to the database successfully [] []
[2025-01-12T21:41:00.840887+01:00] app_workshop_log.INFO: Connected to the database successfully [] []
[2025-01-12T21:41:00.843797+01:00] app_workshop_log.INFO: Reparation info obtained successfully! [] []
[2025-01-12T21:41:03.431730+01:00] app_workshop_log.INFO: Connected to the database successfully [] []
[2025-01-12T21:41:03.433493+01:00] app_workshop_log.INFO: Reparation info obtained successfully! [] []
[2025-01-12T21:41:06.049652+01:00] app_workshop_log.INFO: Connected to the database successfully [] []
[2025-01-12T21:41:09.742214+01:00] app_workshop_log.INFO: Connected to the database successfully [] []
[2025-01-12T21:41:15.817769+01:00] app_workshop_log.INFO: Connected to the database successfully [] []
[2025-01-12T21:41:20.810213+01:00] app_workshop_log.INFO: Connected to the database successfully [] []
[2025-01-12T21:41:20.812024+01:00] app_workshop_log.INFO: Reparation info obtained successfully! [] []
[2025-01-12T21:50:48.113768+01:00] app_workshop_log.INFO: Connected to the database successfully [] []
[2025-01-12T21:50:54.488306+01:00] app_workshop_log.INFO: Connected to the database successfully [] []
[2025-01-12T21:50:54.489750+01:00] app_workshop_log.INFO: Reparation info obtained successfully! [] []
[2025-01-12T21:51:13.124803+01:00] app_workshop_log.INFO: Connected to the database successfully [] []
[2025-01-12T21:57:22.288099+01:00] app_workshop_log.INFO: Connected to the database successfully [] []
[2025-01-12T21:57:22.290288+01:00] app_workshop_log.INFO: Reparation info obtained successfully! [] []
[2025-01-12T21:58:13.860533+01:00] app_workshop_log.INFO: Connected to the database successfully [] []
[2025-01-12T21:58:13.863455+01:00] app_workshop_log.INFO: Reparation inserted successfully! [] []
[2025-01-12T21:58:55.427090+01:00] app_workshop_log.INFO: Connected to the database successfully [] []
[2025-01-12T21:58:55.430827+01:00] app_workshop_log.INFO: Reparation inserted successfully! [] []
[2025-01-12T21:59:14.273520+01:00] app_workshop_log.INFO: Connected to the database successfully [] []
[2025-01-12T21:59:14.275036+01:00] app_workshop_log.INFO: Reparation info obtained successfully! [] []
[2025-01-12T22:03:27.461371+01:00] app_workshop_log.INFO: Connected to the database successfully [] []
[2025-01-12T22:03:27.463158+01:00] app_workshop_log.ERROR: Error: no reparation found with ID 123 [] []
[2025-01-12T23:18:58.218429+01:00] app_workshop_log.INFO: Connected to the database successfully [] []
[2025-01-12T23:18:58.222093+01:00] app_workshop_log.INFO: Reparation inserted successfully! [] []
[2025-01-12T23:19:06.163647+01:00] app_workshop_log.INFO: Connected to the database successfully [] []
[2025-01-12T23:19:06.165271+01:00] app_workshop_log.INFO: Reparation info obtained successfully! [] []
[2025-01-12T23:21:29.248545+01:00] app_workshop_log.INFO: Connected to the database successfully [] []
[2025-01-12T23:21:29.251509+01:00] app_workshop_log.INFO: Reparation inserted successfully! [] []
[2025-01-12T23:21:33.524298+01:00] app_workshop_log.INFO: Connected to the database successfully [] []
[2025-01-12T23:21:33.525934+01:00] app_workshop_log.INFO: Reparation info obtained successfully! [] []
[2025-01-12T23:23:16.595606+01:00] app_workshop_log.INFO: Connected to the database successfully [] []
[2025-01-12T23:23:16.598523+01:00] app_workshop_log.INFO: Reparation inserted successfully! [] []
[2025-01-12T23:23:20.869073+01:00] app_workshop_log.INFO: Connected to the database successfully [] []
[2025-01-12T23:23:20.870676+01:00] app_workshop_log.INFO: Reparation info obtained successfully! [] []
[2025-01-12T23:23:52.452677+01:00] app_workshop_log.INFO: Connected to the database successfully [] []
[2025-01-12T23:23:52.455499+01:00] app_workshop_log.INFO: Reparation inserted successfully! [] []
[2025-01-12T23:23:55.774091+01:00] app_workshop_log.INFO: Connected to the database successfully [] []
[2025-01-12T23:23:55.775615+01:00] app_workshop_log.INFO: Reparation info obtained successfully! [] []
[2025-01-12T23:26:49.948390+01:00] app_workshop_log.INFO: Connected to the database successfully [] []
[2025-01-12T23:26:49.951479+01:00] app_workshop_log.INFO: Reparation inserted successfully! [] []
[2025-01-12T23:26:56.984091+01:00] app_workshop_log.INFO: Connected to the database successfully [] []
[2025-01-12T23:26:56.985775+01:00] app_workshop_log.INFO: Reparation info obtained successfully! [] []
[2025-01-12T23:27:42.843461+01:00] app_workshop_log.INFO: Connected to the database successfully [] []
[2025-01-12T23:27:42.846120+01:00] app_workshop_log.INFO: Reparation inserted successfully! [] []
[2025-01-12T23:30:48.348357+01:00] app_workshop_log.INFO: Connected to the database successfully [] []
[2025-01-12T23:30:48.350872+01:00] app_workshop_log.INFO: Reparation inserted successfully! [] []
[2025-01-12T23:30:57.598786+01:00] app_workshop_log.INFO: Connected to the database successfully [] []
[2025-01-12T23:30:57.601225+01:00] app_workshop_log.ERROR: Error: no reparation found with ID  98355a75-7e18-4156-ba57-86e80d6c9b51 [] []
[2025-01-12T23:31:20.687974+01:00] app_workshop_log.INFO: Connected to the database successfully [] []
[2025-01-12T23:31:20.690790+01:00] app_workshop_log.INFO: Reparation info obtained successfully! [] []
[2025-01-12T23:33:35.199976+01:00] app_workshop_log.INFO: Connected to the database successfully [] []
[2025-01-12T23:33:35.203243+01:00] app_workshop_log.INFO: Reparation inserted successfully! [] []
[2025-01-12T23:34:42.398830+01:00] app_workshop_log.INFO: Connected to the database successfully [] []
[2025-01-12T23:34:42.402134+01:00] app_workshop_log.INFO: Reparation inserted successfully! [] []
[2025-01-12T23:35:18.996471+01:00] app_workshop_log.INFO: Connected to the database successfully [] []
[2025-01-12T23:35:18.998625+01:00] app_workshop_log.INFO: Reparation inserted successfully! [] []
[2025-01-12T23:36:02.266358+01:00] app_workshop_log.INFO: Connected to the database successfully [] []
[2025-01-12T23:36:02.268898+01:00] app_workshop_log.INFO: Reparation inserted successfully! [] []
[2025-01-12T23:36:35.264728+01:00] app_workshop_log.INFO: Connected to the database successfully [] []
[2025-01-12T23:36:35.267134+01:00] app_workshop_log.INFO: Reparation inserted successfully! [] []
[2025-01-12T23:37:09.828323+01:00] app_workshop_log.INFO: Connected to the database successfully [] []
[2025-01-12T23:37:09.829575+01:00] app_workshop_log.ERROR: Error inserting reparation [] []
[2025-01-12T23:37:29.882317+01:00] app_workshop_log.INFO: Connected to the database successfully [] []
[2025-01-12T23:37:29.883718+01:00] app_workshop_log.ERROR: Error inserting reparation [] []
[2025-01-12T23:41:01.309502+01:00] app_workshop_log.INFO: Connected to the database successfully [] []
[2025-01-12T23:41:01.311916+01:00] app_workshop_log.ERROR: Error inserting reparation [] []
[2025-01-12T23:42:44.865549+01:00] app_workshop_log.INFO: Connected to the database successfully [] []
[2025-01-12T23:42:44.867926+01:00] app_workshop_log.ERROR: Error: no reparation found with ID 1 [] []
[2025-01-12T23:42:56.706246+01:00] app_workshop_log.INFO: Connected to the database successfully [] []
[2025-01-12T23:42:56.708485+01:00] app_workshop_log.INFO: Reparation inserted successfully! [] []
[2025-01-12T23:43:00.823824+01:00] app_workshop_log.INFO: Connected to the database successfully [] []
[2025-01-12T23:43:00.825715+01:00] app_workshop_log.INFO: Reparation info obtained successfully! [] []
[2025-01-12T23:48:29.745484+01:00] app_workshop_log.ERROR: Error connecting to the database [] []
